{
  "stats": {
    "suites": 1,
    "tests": 2,
    "passes": 2,
    "pending": 0,
    "failures": 0,
    "start": "2022-09-08T22:05:55.944Z",
    "end": "2022-09-08T22:05:58.343Z",
    "duration": 2399,
    "testsRegistered": 2,
    "passPercent": 100,
    "pendingPercent": 0,
    "other": 0,
    "hasOther": false,
    "skipped": 0,
    "hasSkipped": false
  },
  "results": [
    {
      "uuid": "3ef54132-319f-48b6-96bb-776dcc0f21cf",
      "title": "",
      "fullFile": "cypress\\integration\\tests\\Test2.js",
      "file": "cypress\\integration\\tests\\Test2.js",
      "beforeHooks": [],
      "afterHooks": [],
      "tests": [],
      "suites": [
        {
          "uuid": "2767124a-a76e-4b5c-8d2f-b0deea4e5146",
          "title": "Validation of basic functionalities",
          "fullFile": "",
          "file": "",
          "beforeHooks": [],
          "afterHooks": [],
          "tests": [
            {
              "title": "4.TC - Validate search functionality",
              "fullTitle": "Validation of basic functionalities 4.TC - Validate search functionality",
              "timedOut": null,
              "duration": 1569,
              "state": "passed",
              "speed": "fast",
              "pass": true,
              "fail": false,
              "pending": false,
              "context": null,
              "code": "const basePage = new _BasePage.default();\nbasePage.visit();\ncy.openSearch();\ncy.log('Enter \"Angular\" into search input and validate that there are 12 issues as result');\ncy.searchFor('Angular');\nvar sum = 0;\ncy.get('search-drawer.ng-star-inserted issue-result').each(($el, index, $list) => {\n  sum = sum + 1;\n}).then(function () {\n  cy.log('When searching for \"Angular\" found :', sum, ' issues'); // There should be 12 issues found when searching for 'Angular'\n  expect(sum).to.equal(12);\n});\ncy.log('Clear the search input and validate that there are 5 default results');\ncy.get('.mb-10 > j-input > .input-container > .input').clear();\nvar eSum = 0;\ncy.get('search-drawer.ng-star-inserted issue-result').each(($el, index, $list) => {\n  eSum = eSum + 1;\n}).then(function () {\n  cy.log('For empty search, there are ', eSum, ' issues found'); // There should be 5 issues found for empty search\n  expect(eSum).to.equal(5);\n});",
              "err": {},
              "uuid": "4bfff7e1-125e-4531-832a-51db0ac876ab",
              "parentUUID": "2767124a-a76e-4b5c-8d2f-b0deea4e5146",
              "isHook": false,
              "skipped": false
            },
            {
              "title": "5.TC-Validate create issue functionality",
              "fullTitle": "Validation of basic functionalities 5.TC-Validate create issue functionality",
              "timedOut": null,
              "duration": 763,
              "state": "passed",
              "speed": "fast",
              "pass": true,
              "fail": false,
              "pending": false,
              "context": null,
              "code": "const basePage1 = new _BasePage.default();\nbasePage1.visit();\nbasePage1.clickCreateIssue();\nbasePage1.getModalTitle().then(function (element) {\n  const sTitle = element.text();\n  console.log(sTitle);\n  expect(sTitle.includes('Create issue')).to.be.true;\n});",
              "err": {},
              "uuid": "1e5e6a39-bee1-418b-a62b-3ba7a2de68d3",
              "parentUUID": "2767124a-a76e-4b5c-8d2f-b0deea4e5146",
              "isHook": false,
              "skipped": false
            }
          ],
          "suites": [],
          "passes": [
            "4bfff7e1-125e-4531-832a-51db0ac876ab",
            "1e5e6a39-bee1-418b-a62b-3ba7a2de68d3"
          ],
          "failures": [],
          "pending": [],
          "skipped": [],
          "duration": 2332,
          "root": false,
          "rootEmpty": false,
          "_timeout": 2000
        }
      ],
      "passes": [],
      "failures": [],
      "pending": [],
      "skipped": [],
      "duration": 0,
      "root": true,
      "rootEmpty": true,
      "_timeout": 2000
    }
  ],
  "meta": {
    "mocha": {
      "version": "7.0.1"
    },
    "mochawesome": {
      "options": {
        "quiet": false,
        "reportFilename": "mochawesome",
        "saveHtml": true,
        "saveJson": true,
        "consoleReporter": "spec",
        "useInlineDiffs": false,
        "code": true
      },
      "version": "7.1.3"
    },
    "marge": {
      "options": null,
      "version": "6.2.0"
    }
  }
}